<?xml version="1.0" encoding="UTF-8"?>
<testng-results ignored="0" total="2" passed="2" failed="0" skipped="0">
  <reporter-output>
  </reporter-output>
  <suite started-at="2020-04-14T12:45:02 IST" name="Default suite" finished-at="2020-04-14T12:48:19 IST" duration-ms="196805">
    <groups>
    </groups>
    <test started-at="2020-04-14T12:45:02 IST" name="Default test" finished-at="2020-04-14T12:48:19 IST" duration-ms="196805">
      <class name="homeJini.TestCases">
        <test-method is-config="true" signature="LaunchApp()[pri:0, instance:homeJini.TestCases@4690b489]" started-at="2020-04-14T12:44:40 IST" name="LaunchApp" finished-at="2020-04-14T12:45:02 IST" duration-ms="21407" status="PASS">
          <reporter-output>
          </reporter-output>
        </test-method> <!-- LaunchApp -->
        <test-method is-config="true" signature="NavigateToLoginPage()[pri:0, instance:homeJini.TestCases@4690b489]" started-at="2020-04-14T12:45:02 IST" name="NavigateToLoginPage" finished-at="2020-04-14T12:45:02 IST" duration-ms="483" status="PASS">
          <reporter-output>
          </reporter-output>
        </test-method> <!-- NavigateToLoginPage -->
        <test-method signature="TC_1()[pri:0, instance:homeJini.TestCases@4690b489]" started-at="2020-04-14T12:45:02 IST" name="TC_1" finished-at="2020-04-14T12:45:33 IST" duration-ms="30307" status="PASS">
          <reporter-output>
          </reporter-output>
        </test-method> <!-- TC_1 -->
        <test-method is-config="true" signature="Home()[pri:0, instance:homeJini.TestCases@4690b489]" started-at="2020-04-14T12:45:33 IST" name="Home" finished-at="2020-04-14T12:46:22 IST" duration-ms="49061" status="PASS">
          <reporter-output>
          </reporter-output>
        </test-method> <!-- Home -->
        <test-method is-config="true" signature="NavigateToLoginPage()[pri:0, instance:homeJini.TestCases@4690b489]" started-at="2020-04-14T12:46:22 IST" name="NavigateToLoginPage" finished-at="2020-04-14T12:46:54 IST" duration-ms="31861" status="PASS">
          <reporter-output>
          </reporter-output>
        </test-method> <!-- NavigateToLoginPage -->
        <test-method signature="TC_2()[pri:0, instance:homeJini.TestCases@4690b489]" started-at="2020-04-14T12:46:54 IST" name="TC_2" finished-at="2020-04-14T12:47:27 IST" duration-ms="33369" status="PASS">
          <reporter-output>
          </reporter-output>
        </test-method> <!-- TC_2 -->
        <test-method is-config="true" signature="Home()[pri:0, instance:homeJini.TestCases@4690b489]" started-at="2020-04-14T12:47:27 IST" name="Home" finished-at="2020-04-14T12:48:19 IST" duration-ms="51650" status="PASS">
          <reporter-output>
          </reporter-output>
        </test-method> <!-- Home -->
        <test-method is-config="true" signature="tearDown()[pri:0, instance:homeJini.TestCases@4690b489]" started-at="2020-04-14T12:48:19 IST" name="tearDown" finished-at="2020-04-14T12:48:19 IST" duration-ms="568" status="PASS">
          <reporter-output>
          </reporter-output>
        </test-method> <!-- tearDown -->
      </class> <!-- homeJini.TestCases -->
    </test> <!-- Default test -->
  </suite> <!-- Default suite -->
</testng-results>
